[?2004hubuntu@ip-172-31-65-208:~/RNDP/07MIAR_PROYECTO$ python3 gen_run.py 
[?2004l2026-01-11 04:10:58.106838: I tensorflow/core/util/port.cc:153] oneDNN custom operations are on. You may see slightly different numerical results due to floating-point round-off errors from different computation orders. To turn them off, set the environment variable `TF_ENABLE_ONEDNN_OPTS=0`.
2026-01-11 04:10:58.170227: I tensorflow/core/platform/cpu_feature_guard.cc:210] This TensorFlow binary is optimized to use available CPU instructions in performance-critical operations.
To enable the following instructions: AVX2 AVX512F AVX512_VNNI FMA, in other operations, rebuild TensorFlow with the appropriate compiler flags.
2026-01-11 04:10:59.655868: I tensorflow/core/util/port.cc:153] oneDNN custom operations are on. You may see slightly different numerical results due to floating-point round-off errors from different computation orders. To turn them off, set the environment variable `TF_ENABLE_ONEDNN_OPTS=0`.
2026-01-11 04:11:00,094 INFO - Iniciando entrenamiento intento 01 (loader=gen)
Found 316 validated image filenames belonging to 3 classes.
Found 1453 validated image filenames belonging to 3 classes.
Found 379 validated image filenames belonging to 3 classes.
Found 380 validated image filenames belonging to 3 classes.
WARNING: All log messages before absl::InitializeLog() is called are written to STDERR
I0000 00:00:1768104660.484358   38558 gpu_device.cc:2020] Created device /job:localhost/replica:0/task:0/device:GPU:0 with 13757 MB memory:  -> device: 0, name: Tesla T4, pci bus id: 0000:00:1e.0, compute capability: 7.5
******** Training model *******
Loader: gen
Steps: 46
Epoch 1/40
2026-01-11 04:11:07.356740: I external/local_xla/xla/service/service.cc:163] XLA service 0x7dafb8004ca0 initialized for platform CUDA (this does not guarantee that XLA will be used). Devices:
2026-01-11 04:11:07.356767: I external/local_xla/xla/service/service.cc:171]   StreamExecutor device (0): Tesla T4, Compute Capability 7.5
2026-01-11 04:11:07.495399: I tensorflow/compiler/mlir/tensorflow/utils/dump_mlir_util.cc:269] disabling MLIR crash reproducer, set env var `MLIR_CRASH_REPRODUCER_DIRECTORY` to enable.
2026-01-11 04:11:08.357504: I external/local_xla/xla/stream_executor/cuda/cuda_dnn.cc:473] Loaded cuDNN version 90501
2026-01-11 04:11:12.404702: E external/local_xla/xla/stream_executor/cuda/cuda_timer.cc:86] Delay kernel timed out: measured time has sub-optimal accuracy. There may be a missing warmup execution, please investigate in Nsight Systems.
2026-01-11 04:11:12.737840: E external/local_xla/xla/service/slow_operation_alarm.cc:73] Trying algorithm eng4{} for conv (f32[64,32,224,224]{3,2,1,0}, u8[0]{0}) custom-call(f32[64,32,224,224]{3,2,1,0}, f32[32,1,3,3]{3,2,1,0}), window={size=3x3 pad=1_1x1_1}, dim_labels=bf01_oi01->bf01, feature_group_count=32, custom_call_target="__cudnn$convForward", backend_config={"operation_queue_id":"0","wait_on_operation_queues":[],"cudnn_conv_backend_config":{"activation_mode":"kNone","conv_result_scale":1,"side_input_scale":0,"leakyrelu_alpha":0},"force_earliest_schedule":false,"reification_cost":[]} is taking a while...
2026-01-11 04:11:12.848090: E external/local_xla/xla/stream_executor/cuda/cuda_timer.cc:86] Delay kernel timed out: measured time has sub-optimal accuracy. There may be a missing warmup execution, please investigate in Nsight Systems.
2026-01-11 04:11:12.947941: E external/local_xla/xla/service/slow_operation_alarm.cc:140] The operation took 1.210193068s
Trying algorithm eng4{} for conv (f32[64,32,224,224]{3,2,1,0}, u8[0]{0}) custom-call(f32[64,32,224,224]{3,2,1,0}, f32[32,1,3,3]{3,2,1,0}), window={size=3x3 pad=1_1x1_1}, dim_labels=bf01_oi01->bf01, feature_group_count=32, custom_call_target="__cudnn$convForward", backend_config={"operation_queue_id":"0","wait_on_operation_queues":[],"cudnn_conv_backend_config":{"activation_mode":"kNone","conv_result_scale":1,"side_input_scale":0,"leakyrelu_alpha":0},"force_earliest_schedule":false,"reification_cost":[]} is taking a while...
2026-01-11 04:11:13.948146: E external/local_xla/xla/service/slow_operation_alarm.cc:73] Trying algorithm eng42{k2=1,k4=1,k5=1,k6=0,k7=0} for conv (f32[64,32,224,224]{3,2,1,0}, u8[0]{0}) custom-call(f32[64,32,224,224]{3,2,1,0}, f32[32,1,3,3]{3,2,1,0}), window={size=3x3 pad=1_1x1_1}, dim_labels=bf01_oi01->bf01, feature_group_count=32, custom_call_target="__cudnn$convForward", backend_config={"operation_queue_id":"0","wait_on_operation_queues":[],"cudnn_conv_backend_config":{"activation_mode":"kNone","conv_result_scale":1,"side_input_scale":0,"leakyrelu_alpha":0},"force_earliest_schedule":false,"reification_cost":[]} is taking a while...
2026-01-11 04:11:14.074568: E external/local_xla/xla/service/slow_operation_alarm.cc:140] The operation took 1.126514863s
Trying algorithm eng42{k2=1,k4=1,k5=1,k6=0,k7=0} for conv (f32[64,32,224,224]{3,2,1,0}, u8[0]{0}) custom-call(f32[64,32,224,224]{3,2,1,0}, f32[32,1,3,3]{3,2,1,0}), window={size=3x3 pad=1_1x1_1}, dim_labels=bf01_oi01->bf01, feature_group_count=32, custom_call_target="__cudnn$convForward", backend_config={"operation_queue_id":"0","wait_on_operation_queues":[],"cudnn_conv_backend_config":{"activation_mode":"kNone","conv_result_scale":1,"side_input_scale":0,"leakyrelu_alpha":0},"force_earliest_schedule":false,"reification_cost":[]} is taking a while...
^[[A^[[A^[[A^[[A^[[A^[[A^[[A^[[A^[[A^[[A^[[A^[[A^[[A^[[A^[[A^[[A^[[A^[[A^[[A^[[A^[[A^[[A^[[A^[[A^[[A^[[A^[[A^[[A^[[A^[[A^[[A^[[A^[[A^[[A^[[A^[[A^[[A^[[A^[[A^[[A^[[A^[[A^[[A^[[A^[[A^[[A^[[A^[[A^[[A^[[A^[[A^[[A^[[A^[[A^[[A^[[A^[[A^[[A^[[A^[[A^[[A^[[A^[[A^[[A^[[A^[[A^[[A^[[A^[[A^[[A^[[A^[[A^[[A^[[A^[[A^[[A^[[A^[[A^[[A^[[A^[[A^[[A^[[A^[[A^[[A^[[A^[[A^[[A^[[A^[[A^[[A^[[A^[[A^[[A^[[A^[[A^[[A^[[A^[[A^[[A^[[A^[[A^[[A^[[A^[[A^[[A^[[A^[[A^[[A^[[A^[[A^[[A^[[A^[[A^[[A^[[A^[[A^[[A^[[A^[[A^[[A^[[A^[[A^[[A^[[A^[[A^[[A^[[A^[[A^[[A^[[A^[[A^[[A^[[A^[[A^[[A^[[A^[[A^[[A^[[A^[[A^[[A^[[A^[[A^[[A^[[A^[[A^[[A^[[A^[[A^[[A^[[A^[[A^[[A^[[A^[[A^[[A^[[A^[[A^[[A^[[A^[[A^[[A^[[A^[[A^[[A^[[A^[[A^[[A^[[A^[[A^[[A^[[A^[[A^[[A^[[A^[[A^[[A^[[A^[[A^[[A^[[A^[[A^[[A^[[A^[[A^[[A^[[A^[[A^[[A^[[A^[[A^[[A^[[A^[[A^[[A^[[A^[[A^[[A^[[A^[[A^[[A^[[A^[[A^[[A^[[A^[[A^[[A^[[A^[[A^[[A^[[A^[[A^[[A^[[B^[[B^[[B^[[B^[[B^C^C^C^C^CI0000 00:00:1768104693.163462   38595 device_compiler.h:196] Compiled cluster using XLA!  This line is logged at most once for the lifetime of the process.
Traceback (most recent call last):
  File "/home/ubuntu/RNDP/07MIAR_PROYECTO/gen_run.py", line 131, in <module>
    main()
  File "/home/ubuntu/RNDP/07MIAR_PROYECTO/gen_run.py", line 72, in main
    results = trainer.run_trainer()
  File "/home/ubuntu/RNDP/07MIAR_PROYECTO/modulos/lemon_trainer.py", line 329, in run_trainer
    .train())
  File "/home/ubuntu/RNDP/07MIAR_PROYECTO/modulos/lemon_trainer.py", line 172, in train
    self.history = self.model.fit(
  File "/home/ubuntu/.local/lib/python3.10/site-packages/keras/src/utils/traceback_utils.py", line 117, in error_handler
    return fn(*args, **kwargs)
  File "/home/ubuntu/.local/lib/python3.10/site-packages/keras/src/backend/tensorflow/trainer.py", line 399, in fit
    logs = self.train_function(iterator)
  File "/home/ubuntu/.local/lib/python3.10/site-packages/keras/src/backend/tensorflow/trainer.py", line 241, in function
    opt_outputs = multi_step_on_iterator(iterator)
  File "/home/ubuntu/.local/lib/python3.10/site-packages/tensorflow/python/util/traceback_utils.py", line 150, in error_handler
    return fn(*args, **kwargs)
  File "/home/ubuntu/.local/lib/python3.10/site-packages/tensorflow/python/eager/polymorphic_function/polymorphic_function.py", line 833, in __call__
    result = self._call(*args, **kwds)
  File "/home/ubuntu/.local/lib/python3.10/site-packages/tensorflow/python/eager/polymorphic_function/polymorphic_function.py", line 919, in _call
    return self._concrete_variable_creation_fn._call_flat(  # pylint: disable=protected-access
  File "/home/ubuntu/.local/lib/python3.10/site-packages/tensorflow/python/eager/polymorphic_function/concrete_function.py", line 1322, in _call_flat
    return self._inference_function.call_preflattened(args)
  File "/home/ubuntu/.local/lib/python3.10/site-packages/tensorflow/python/eager/polymorphic_function/atomic_function.py", line 216, in call_preflattened
    flat_outputs = self.call_flat(*args)
  File "/home/ubuntu/.local/lib/python3.10/site-packages/tensorflow/python/eager/polymorphic_function/atomic_function.py", line 251, in call_flat
    outputs = self._bound_context.call_function(
  File "/home/ubuntu/.local/lib/python3.10/site-packages/tensorflow/python/eager/context.py", line 1688, in call_function
    outputs = execute.execute(
  File "/home/ubuntu/.local/lib/python3.10/site-packages/tensorflow/python/eager/execute.py", line 53, in quick_execute
    tensors = pywrap_tfe.TFE_Py_Execute(ctx._handle, device_name, op_name,
KeyboardInterrupt
2026-01-11 04:11:33.679980: W tensorflow/core/kernels/data/generator_dataset_op.cc:110] Error occurred when finalizing GeneratorDataset iterator: FAILED_PRECONDITION: Python interpreter state is not initialized. The process may be terminated.
	 [[{{node PyFunc}}]]

[?2004hubuntu@ip-172-31-65-208:~/RNDP/07MIAR_PROYECTO$ exit
[?2004llogout
